[whenworldscollide.my.canva.site/index.html]
[backblue.gif]
[fade.gif]
[index.html]
[whenworldscollide.my.canva.site/26387fa4f5b1e3f7b6217b27d79bf264.png]
[whenworldscollide.my.canva.site/2d0b56e7e51cf11036ad8734bdb67e2d.png]
[whenworldscollide.my.canva.site/725b756a69a7d4c235070e51acd85560.png]
[whenworldscollide.my.canva.site/d9c10cef8196ba413274bf18a56e6071.png]
[whenworldscollide.my.canva.site/fonts/21fc3cdd550be8c20112ca8b2efcc762.woff2]
[whenworldscollide.my.canva.site/fonts/36b396391257736f6f86496e2e6ac618.woff2]
[whenworldscollide.my.canva.site/fonts/d9b3839a329377a6d36909b72681aa1a.woff2]
[whenworldscollide.my.canva.site/fonts/31166b5b71ec501676b91fcd4a0c15b7.woff2]
[whenworldscollide.my.canva.site/fonts/80e6615d78e74dc4e030071b84f0de05.woff2]
[whenworldscollide.my.canva.site/fonts/d8472b3b7676e19ea9aa5aae086ee1d9.woff2]
[whenworldscollide.my.canva.site/fonts/c0d99f5cd9366c40d64a7572f793a852.woff2]
[whenworldscollide.my.canva.site/fonts/a95c6b67ca0089b9e9a358173e8b22ac.woff2]
[whenworldscollide.my.canva.site/fonts/59e5eb979efb292db36601a5bcaf9699.woff]
[whenworldscollide.my.canva.site/fonts/325651f1111659cbaa0ee104bce3f541.woff2]
[whenworldscollide.my.canva.site/fonts/57532649ffd83cbc0c6c560d8880b5a9.woff2]
[whenworldscollide.my.canva.site/fonts/ba32208f5beb64f12ef0f027b0aa7b8f.woff2]
[whenworldscollide.my.canva.site/fonts/1cf20a332bb5fa921b7062b605d9386b.woff2]
[whenworldscollide.my.canva.site/fonts/cf602bf421f390c8e2f000174c51e331.woff2]
[whenworldscollide.my.canva.site/fonts/5905bc789fc21caf82fbdd333c500130.woff2]
[whenworldscollide.my.canva.site/fonts/0e4f5092a8164f94a696d942cc989ff7.woff2]
[whenworldscollide.my.canva.site/fonts/59629bda565b78a6ae5542e65ff8396d.woff2]
[whenworldscollide.my.canva.site/fonts/402fd6ca427ccc7a7e69904c83b73716.woff2]
[whenworldscollide.my.canva.site/fonts/c2aedaa13f13befccb85dc5247d79319.woff2]
[whenworldscollide.my.canva.site/fonts/b79740772ac87fd53b27808583c444a0.woff2]
[whenworldscollide.my.canva.site/fonts/f1a73c1fc2744c098f7ea57186243d56.woff2]
[whenworldscollide.my.canva.site/fonts/668e204ecea8e06c27fb74af58a48107.woff2]
[whenworldscollide.my.canva.site/fonts/ba4a8b8af299bfd725ccfa4b44a5a262.woff2]
[whenworldscollide.my.canva.site/fonts/580d73e66ecb72836c076f7a56bd21cd.woff2]
[whenworldscollide.my.canva.site/fonts/4c478d46f16ac63b8814bb4454187a3e.woff2]
[whenworldscollide.my.canva.site/fonts/4d54c91165acb22f3119c5daf01989b6.woff2]
[whenworldscollide.my.canva.site/fonts/40d2ed8c32cb27fcee113f357cd026d8.woff2]
[whenworldscollide.my.canva.site/fonts/93fb6c909f280f040a9e1d40c2b7e86c.woff2]
[whenworldscollide.my.canva.site/fonts/f98c9cf8d27ff8da33f2ad7ae703580c.woff2]
[whenworldscollide.my.canva.site/fonts/29c8a33db83297998cd6db24db0ba7b5.woff2]
[whenworldscollide.my.canva.site/fonts/ecf8c7a82c5a22412114fa120cbc43c5.woff2]
[whenworldscollide.my.canva.site/fonts/bda77dd1c41da84bbf63c7d9640b9c28.woff2]
[whenworldscollide.my.canva.site/fonts/881b8da5ad9b82b143ab37dcdf069c4c.woff2]
[whenworldscollide.my.canva.site/fonts/527cd5a6be21d4e008281f52ae03e6de.woff2]
[whenworldscollide.my.canva.site/fonts/e8e51b9875286101e41224d1f8f57146.woff2]
[whenworldscollide.my.canva.site/fonts/ccfa3463500b1d2425324b3a1a304119.woff2]
[whenworldscollide.my.canva.site/fonts/b9d3823184fbb6d5a9d5804d114b70ba.woff2]
[whenworldscollide.my.canva.site/fonts/b33f6386bd461ec492dd56577e13136c.woff2]
[whenworldscollide.my.canva.site/fonts/b09eaaf9341f54a150766b674dd4dd66.woff2]
[whenworldscollide.my.canva.site/fonts/c076bd8c37058ebdedabdda5c2d6b111.woff2]
[whenworldscollide.my.canva.site/fonts/9f211f1e580dd0c34c98242b67b454a1.woff2]
[whenworldscollide.my.canva.site/fonts/2ffd130498e37c9f925c671e0342f1e6.woff2]
[whenworldscollide.my.canva.site/fonts/b13d468f88f904752a71651083120b9b.woff2]
[whenworldscollide.my.canva.site/fonts/2f9ca4e3b153c05839a1665e2deae5bd.woff2]
[whenworldscollide.my.canva.site/fonts/10bae089b2dee90878d1d146921cad11.woff2]
[whenworldscollide.my.canva.site/fonts/5300a700676e268371e3693408559b01.woff2]
[whenworldscollide.my.canva.site/fonts/5da2f7e7b5289e2ae1f44d0ac2886371.woff2]
[whenworldscollide.my.canva.site/fonts/b76554414c3fa738aad9e680f54c765d.woff2]
[whenworldscollide.my.canva.site/fonts/5c07b773952ecd9eb4715de302811a45.woff2]
[whenworldscollide.my.canva.site/fonts/82e327672f883fc5445ed4de237127fd.woff2]
[whenworldscollide.my.canva.site/fonts/f8f199f09526f79e87644ed227e0f651.woff2]
[whenworldscollide.my.canva.site/fonts/98c4d2c0223fc8474641c77f923528e9.woff2]
[whenworldscollide.my.canva.site/fonts/d257a7100844bc3f98c9021168b6249e.woff2]
[whenworldscollide.my.canva.site/fonts/1060345c54d396e76d73f1da7ee200bd.woff2]
[whenworldscollide.my.canva.site/'data_image/png;base64,']
[whenworldscollide.my.canva.site/videos/fc1dbcbdd3d4d020fa2b9c9fed709b11.mp4]
[whenworldscollide.my.canva.site/images/aad6e756fa1e114b3975fdce6a21d83f.jpg]
[whenworldscollide.my.canva.site/videos/c35e66dcc624edcf5432e90a8bc96345.gif]
[whenworldscollide.my.canva.site/images/bcbfcd6d7ad5014be4710c08aea3dd37.png]
[whenworldscollide.my.canva.site/images/7c060d910dcba04bc73cb313dd703786.jpg]
[whenworldscollide.my.canva.site/images/9744ed43e4c889af3b62cccdca4da629.png]
[whenworldscollide.my.canva.site/images/8c4e6d7bf8aa74141188d2a52f76c155.png]
[whenworldscollide.my.canva.site/images/659cdfe650fef291a72abaad2ca2d06d.png]
[whenworldscollide.my.canva.site/images/8c0017ac8202dc4d70214b978834bdd4.png]
[whenworldscollide.my.canva.site/images/5d0688a2035545ece8e602126b658894.png]
[whenworldscollide.my.canva.site/images/ee656528bc1182a63b08e3c87f09d9e3.png]
[whenworldscollide.my.canva.site/images/d9c82b361b5278bae7f78c4682cb4896.png]
[whenworldscollide.my.canva.site/images/79095bcda99ecae315777b56d60bfc01.jpg]
[whenworldscollide.my.canva.site/images/747ccfcc142b90e129b890368f75aeac.jpg]
[whenworldscollide.my.canva.site/images/26079bd4dda9ca220011b3fc5b2939bb.jpg]
[whenworldscollide.my.canva.site/images/aa76a33b5b0e56c3014329c75b89bec8.jpg]
[whenworldscollide.my.canva.site/images/894911543363f39b402882bda4433895.jpg]
[whenworldscollide.my.canva.site/images/82c46115ba4de1cf0d1fbeaa4098e37b.jpg]
[whenworldscollide.my.canva.site/images/6fb6ffafc14485bc7f92cf004bafd6b1.png]
[whenworldscollide.my.canva.site/images/9d46ed713639c96ca2f463bcefc904a8.jpg]
[whenworldscollide.my.canva.site/images/f1edfa0fd3eca7930e99aca1c23a98eb.jpg]
[whenworldscollide.my.canva.site/images/b662c970ba35cb49da124554837dece7.png]
[whenworldscollide.my.canva.site/images/e8354ad45ee061be0beae657b6a65f43.png]
[whenworldscollide.my.canva.site/images/71ac6814d93b7d1781b41db48a190280.png]
[whenworldscollide.my.canva.site/images/f6002d32f8c8ef064a9cafb400740b75.jpg]
[whenworldscollide.my.canva.site/images/b93bcfe113a6a80bdbb08e440c8ff67c.png]
[whenworldscollide.my.canva.site/images/9354cb75e71e2eb12c2bf45aa80d0e5a.png]
[whenworldscollide.my.canva.site/images/3dd66874625413d1cf5b6b5a026a1522.jpg]
[whenworldscollide.my.canva.site/images/28ae03128753f58cb6e8859cfa75f8cf.png]
[whenworldscollide.my.canva.site/images/18b5f17bd5364111a02f9cb7ecc69c37.jpg]
[whenworldscollide.my.canva.site/images/e0fda0d242c812af96dd7cee48129fe5.jpg]
[whenworldscollide.my.canva.site/images/6a3f5266f12809977c96c52dda9d6bcb.jpg]
[whenworldscollide.my.canva.site/images/a3278d413818141a70031b74f3696339.png]
[whenworldscollide.my.canva.site/images/e221b9f254019962ec9e661c69fa40d4.jpg]
[whenworldscollide.my.canva.site/images/76a7b1901f72d2dabf69c7ab32866021.png]
[whenworldscollide.my.canva.site/images/0a16e25b2e138be43f3da6064f62ad1e.jpg]
[whenworldscollide.my.canva.site/images/ffa5334190dcdb31e01331385131fd9e.png]
[whenworldscollide.my.canva.site/images/b32ba566645ec5aa98df16f5280c79d5.jpg]
[whenworldscollide.my.canva.site/images/350c26755807ccc8543882f696631d3d.jpg]
[whenworldscollide.my.canva.site/images/fff1e48870fb7c22efdb935cd37a3a83.png]
[whenworldscollide.my.canva.site/images/03710d4d49a0363ad7ad209816532be2.png]
[whenworldscollide.my.canva.site/images/2277466b647756762cc80f1a14def090.jpg]
[whenworldscollide.my.canva.site/images/9d2b083705ddb633409272b755218de1.jpg]
[whenworldscollide.my.canva.site/images/ee7201d47fba130c978a8d231706014f.jpg]
[whenworldscollide.my.canva.site/images/eecf1437e010f66d3d02dec38e4e1a84.png]
[whenworldscollide.my.canva.site/images/fa14ca22cef18d6e413dc4f5b17d4f69.jpg]
[whenworldscollide.my.canva.site/images/dbeb3d2c277873735016aea9e2bd19a7.png]
[whenworldscollide.my.canva.site/images/449c97367f6a9fdadf3f0d237e21254a.png]
[whenworldscollide.my.canva.site/images/980fe7bd486bc3572c25b2cb9954b2c0.jpg]
[whenworldscollide.my.canva.site/images/4aa0ef72dd1668c5eb80bfd84e4c2100.jpg]
[whenworldscollide.my.canva.site/images/19a07b122637dc3111b21390b4b693c3.png]
[whenworldscollide.my.canva.site/images/2e52c6ab07ef271a304f18ff5baa1077.png]
[whenworldscollide.my.canva.site/images/c6f0dba6bf0e316506ee4ef6dacc8c6c.jpg]
[whenworldscollide.my.canva.site/images/910244811273225e01f5fd17366f301c.jpg]
[whenworldscollide.my.canva.site/images/af19d241153421f0e686f96a45e11ef8.png]
[whenworldscollide.my.canva.site/images/efcf44c3d3ba4246719a7a35b886689a.png]
[whenworldscollide.my.canva.site/images/6c0f4aa66a4af90d089734b952473f14.jpg]
[whenworldscollide.my.canva.site/images/190f8fb389a82837ba4dd17dd87060b8.png]
[whenworldscollide.my.canva.site/images/38e4bfc7256f087d666c9022d5a8d4f2.png]
[whenworldscollide.my.canva.site/images/91f4657ae5459d7044f2142e76ad9f65.jpg]
[whenworldscollide.my.canva.site/images/73236512bfeecff0d0d3ae7569af3140.png]
[whenworldscollide.my.canva.site/images/9eea0091a6ae643b8817a5410e0537c6.jpg]
[whenworldscollide.my.canva.site/images/50e98d0311a214504597299d9c3bcbab.png]
[whenworldscollide.my.canva.site/images/3877e84fbcbb83af8dc03cbb5cb33496.jpg]
[whenworldscollide.my.canva.site/images/97ce19f2e04574f26f03eb8c282c5140.png]
[whenworldscollide.my.canva.site/images/e97c52adde37d2bfe73d19959bf4835e.jpg]
[whenworldscollide.my.canva.site/images/436271661429985357544c2678bbbbf1.jpg]
[whenworldscollide.my.canva.site/images/babb0f37bbc3c7399da08c883b4be947.png]
[whenworldscollide.my.canva.site/images/bc0e359b88669753b24f24a97a3ce73b.jpg]
[whenworldscollide.my.canva.site/images/159d7e88441feab701b375659dc7c873.jpg]
[whenworldscollide.my.canva.site/images/79f2e599a7be03157312eca68e84fe49.png]
[whenworldscollide.my.canva.site/images/86de3de4749433a000ace13f8993485c.png]
[whenworldscollide.my.canva.site/images/b3e6f933481c95006ef94c7ac1c764ad.png]
[whenworldscollide.my.canva.site/images/6d8d403a7aa36a3e09f5184975c72e24.png]
[whenworldscollide.my.canva.site/images/d5bc3f8c5037acfe0d51fc532d25187e.jpg]
[whenworldscollide.my.canva.site/images/a69d41c37176048668e94ffdb27e2d75.jpg]
[whenworldscollide.my.canva.site/images/ae9b86bf4befc60338e5a30038649629.png]
[whenworldscollide.my.canva.site/images/6eea269e9b7b305c90c9f74308f9d051.jpg]
[whenworldscollide.my.canva.site/images/46b804d7a0ecf49d1a8f94a55d9f99f4.jpg]
[whenworldscollide.my.canva.site/images/2731252e102b945b7d49cae078b21b4d.png]
[whenworldscollide.my.canva.site/images/37596173d8499dfbd85abfd49a139f34.jpg]
[whenworldscollide.my.canva.site/images/656f87b335d5a64248b78c947476baaf.png]
[whenworldscollide.my.canva.site/images/38a30b6c7af1067b72c1988d642f164e.png]
[whenworldscollide.my.canva.site/images/c20c582bc9eca27f005fbe2f77e06a7f.jpg]
[whenworldscollide.my.canva.site/images/f79d8c4dc40d012d54ef2a8beb77cb6a.png]
[whenworldscollide.my.canva.site/images/fdb74a4a11f38efa7e5339c8b911edc6.jpg]
[whenworldscollide.my.canva.site/images/977c21b96de7467dd562f9dd80d923cc.png]
[whenworldscollide.my.canva.site/images/199690c03a27db99138122c8bbd7205f.png]
[whenworldscollide.my.canva.site/images/6d5c356a0d31fc937899225dec3e5795.jpg]
[whenworldscollide.my.canva.site/images/690351020c415556a5c44e352c8c674c.jpg]
[whenworldscollide.my.canva.site/images/39a4ad25eef280fac2cf5485bdee850e.png]
[whenworldscollide.my.canva.site/images/86a833531a6c9c3cbab75753fa00719d.jpg]
[whenworldscollide.my.canva.site/images/4eaeabee6423737b217c0484dd4c3c2f.png]
[whenworldscollide.my.canva.site/images/60939055e43ab7a69cce0a64fc32e932.png]
[whenworldscollide.my.canva.site/images/1fa7c08425b623d8ceec1291086fe6c9.jpg]
[whenworldscollide.my.canva.site/images/b07089c1f10aad331f531e1833af672f.png]
[whenworldscollide.my.canva.site/images/e10cb6d4dd522c25e54c5d5988c4daff.jpg]
[whenworldscollide.my.canva.site/images/03953a42b49e421e0e78f599c0e2eead.jpg]
[whenworldscollide.my.canva.site/images/c517804fb8db66efe63938d69fad6054.png]
[whenworldscollide.my.canva.site/images/71156067d9f9e07a6face32af39168a3.jpg]
[whenworldscollide.my.canva.site/images/6848de9def46140d695f62270a67db57.png]
[whenworldscollide.my.canva.site/images/905f6d222825c7d69eab225d0cec3980.jpg]
[whenworldscollide.my.canva.site/images/9dd86ecb2c28603ae403306cd8879a24.jpg]
[whenworldscollide.my.canva.site/videos/3200ec4516d57298a960d3678bd5dbcd.gif]
[whenworldscollide.my.canva.site/images/f496dae6866fed7bd31f32d21c192c1c.png]
[whenworldscollide.my.canva.site/images/baf292b1859c274532c01ce00632ba84.png]
[whenworldscollide.my.canva.site/images/5790214941379c4b0449a10340f038f5.png]
[whenworldscollide.my.canva.site/images/2fe5e9011e6fb9a41d3be67a6ecd843d.png]
[whenworldscollide.my.canva.site/images/5f6b9069e350c9fb257f43928119e179.png]
[whenworldscollide.my.canva.site/images/f7c7caf2100f77f13082b816201e479a.png]
[whenworldscollide.my.canva.site/images/5201e7a623f354912b3fde8eaf080b1d.png]
[whenworldscollide.my.canva.site/images/3c3c5ce9e074eb4ac96640f47176a026.png]
[whenworldscollide.my.canva.site/images/783a0630395fb0fa6e5f21848ec8ddfe.png]
[whenworldscollide.my.canva.site/images/bad78cf922c26112b54e90aeb4bfaca8.png]
[whenworldscollide.my.canva.site/images/aaf5ba05031ae8d1eb46f7eb84126c5b.png]
[whenworldscollide.my.canva.site/images/8ffd67326d9a97ac9618544d206da432.png]
[whenworldscollide.my.canva.site/images/24a65ab70157e0212ce3bc3801cabd26.jpg]
[whenworldscollide.my.canva.site/images/318bd7463e78150b1bc8e8e4347b7350.png]
[whenworldscollide.my.canva.site/images/0d0b3dfb30c009b73cff36f8fcc1367e.jpg]
[whenworldscollide.my.canva.site/images/3450612f0216b6b4523daab2a0c41d24.png]
[whenworldscollide.my.canva.site/images/edd8c412cedc8d82bd9f68a9edf46c20.png]
[whenworldscollide.my.canva.site/images/5d47975fb9984c7a27a0eaf5f526ec3f.jpg]
[whenworldscollide.my.canva.site/images/e78c9a96674e000bc84f87009088cb77.jpg]
[whenworldscollide.my.canva.site/images/2bc0833f1d98d54fabf187c25f0d7e55.png]
[whenworldscollide.my.canva.site/images/a09e31f9253469e8c6d982812e65c28b.png]
[whenworldscollide.my.canva.site/images/34608d8bb5b9264f7c8d82aa1fbab9a3.png]
[whenworldscollide.my.canva.site/images/c3e6ed3f73ebfc51f2a60533358f58b6.png]
[whenworldscollide.my.canva.site/images/6e0ab360ae59efda53a49432826affb4.png]
[whenworldscollide.my.canva.site/images/71cbb8f8ac3837c433a487496407d9a8.png]
[whenworldscollide.my.canva.site/images/4b3b1730fc8be866996a19a8a242dd9b.png]
[whenworldscollide.my.canva.site/images/1ee46a2e9d14239fc193d56ccd59ff8b.png]
[whenworldscollide.my.canva.site/images/1cedc52f33a16bd1a580eb4f0f96ad3b.jpg]
[whenworldscollide.my.canva.site/images/ceae8a43607d366d721fe3e0ec6d2222.png]
[whenworldscollide.my.canva.site/images/1534982ebb453f2c5908be73c19a5fca.svg]
[whenworldscollide.my.canva.site/images/2d7f4dcf4350f49846c11e4ebefdbac3.svg]
[whenworldscollide.my.canva.site/images/ee97dd92916885dc570a70f5101f0750.svg]
[whenworldscollide.my.canva.site/images/e459dd89b65ba70a5fb322b5ac27ca3e.svg]
[whenworldscollide.my.canva.site/js/748c577b23dd390a893c7e346b13f214561d691581b6103365505b7c93147ad1.js]
[whenworldscollide.my.canva.site/js/939898b427480d700449229ff00dbb8a6f9f77442b532f697866e6914ab8843a.js]
[whenworldscollide.my.canva.site/js/388fb330498371d4935abbff11d34d4c30842ca3c4a128cdd290d29db98acb41.js]
[whenworldscollide.my.canva.site/index.html]
[whenworldscollide.my.canva.site/'data_image/png;base64,'.html]
[whenworldscollide.my.canva.site/_link/index8e8f.html]
[whenworldscollide.my.canva.site/images/1534982ebb453f2c5908be73c19a5fca.svg]
[whenworldscollide.my.canva.site/images/2d7f4dcf4350f49846c11e4ebefdbac3.svg]
[whenworldscollide.my.canva.site/images/ee97dd92916885dc570a70f5101f0750.svg]
[whenworldscollide.my.canva.site/images/e459dd89b65ba70a5fb322b5ac27ca3e.svg]
[whenworldscollide.my.canva.site/js/ba31d07a27d7a820d68d3a43af48ee7024acef0c97b467d0e44da1d9e9491f0e.js]
[whenworldscollide.my.canva.site/_link/index1170.html]
[whenworldscollide.my.canva.site/_link/index1170.html]
